Building DAG of jobs...
Using shell: /usr/bin/bash
Provided cluster nodes: 15
Job stats:
job             count    min threads    max threads
------------  -------  -------------  -------------
all                 1              1              1
kneaddata_pe        2              1              1
total               3              1              1

Select jobs to execute...

[Wed Apr 20 10:51:50 2022]
rule kneaddata_pe:
    input: data/demo2.R1.fastq.gz, data/demo2.R2.fastq.gz
    output: results/kneaddata/main/demo2.R1_kneaddata_paired_1.fastq.gz, results/kneaddata/main/demo2.R2_kneaddata_paired_1.fastq.gz
    log: logs/kneaddata/demo2.log
    jobid: 2
    wildcards: sample=demo2
    resources: tmpdir=/tmp

Submitted job 2 with external jobid '5180975'.

[Wed Apr 20 10:51:51 2022]
rule kneaddata_pe:
    input: data/demo1.R1.fastq.gz, data/demo1.R2.fastq.gz
    output: results/kneaddata/main/demo1.R1_kneaddata_paired_1.fastq.gz, results/kneaddata/main/demo1.R2_kneaddata_paired_1.fastq.gz
    log: logs/kneaddata/demo1.log
    jobid: 1
    wildcards: sample=demo1
    resources: tmpdir=/tmp

Submitted job 1 with external jobid '5180976'.
[Wed Apr 20 10:54:16 2022]
Error in rule kneaddata_pe:
    jobid: 1
    output: results/kneaddata/main/demo1.R1_kneaddata_paired_1.fastq.gz, results/kneaddata/main/demo1.R2_kneaddata_paired_1.fastq.gz
    log: logs/kneaddata/demo1.log (check log file(s) for error message)
    shell:
        
        source ~/miniconda3/etc/profile.d/conda.sh && conda activate /cluster/projects/mcgahalab/envs/biobakery3_core;
        
        kneaddata         --input data/demo1.R1.fastq.gz         --input data/demo1.R2.fastq.gz         -db /cluster/projects/mcgahalab/ref/metagenomics/biobakery_workflows_databases/kneaddata_db_human_genome         --trimmomatic /cluster/projects/mcgahalab/bin/trimmomatic-0.39-2         --output results/kneaddata/main/;
        
        gzip results/kneaddata/main/demo1.*fastq;
        
        (one of the commands exited with non-zero exit code; note that snakemake uses bash strict mode!)
    cluster_jobid: 5180976

Error executing rule kneaddata_pe on cluster (jobid: 1, external: 5180976, jobscript: /cluster/projects/mcgahalab/data/mcgahalab/PASS/snakemake/.snakemake/tmp.4wlrmrd6/snakejob.kneaddata_pe.1.sh). For error details see the cluster log and the log files of the involved rule(s).
Trying to restart job 1.
Select jobs to execute...

[Wed Apr 20 10:54:16 2022]
rule kneaddata_pe:
    input: data/demo1.R1.fastq.gz, data/demo1.R2.fastq.gz
    output: results/kneaddata/main/demo1.R1_kneaddata_paired_1.fastq.gz, results/kneaddata/main/demo1.R2_kneaddata_paired_1.fastq.gz
    log: logs/kneaddata/demo1.log
    jobid: 1
    wildcards: sample=demo1
    resources: tmpdir=/tmp

Submitted job 1 with external jobid '5180979'.
[Wed Apr 20 10:54:26 2022]
Error in rule kneaddata_pe:
    jobid: 2
    output: results/kneaddata/main/demo2.R1_kneaddata_paired_1.fastq.gz, results/kneaddata/main/demo2.R2_kneaddata_paired_1.fastq.gz
    log: logs/kneaddata/demo2.log (check log file(s) for error message)
    shell:
        
        source ~/miniconda3/etc/profile.d/conda.sh && conda activate /cluster/projects/mcgahalab/envs/biobakery3_core;
        
        kneaddata         --input data/demo2.R1.fastq.gz         --input data/demo2.R2.fastq.gz         -db /cluster/projects/mcgahalab/ref/metagenomics/biobakery_workflows_databases/kneaddata_db_human_genome         --trimmomatic /cluster/projects/mcgahalab/bin/trimmomatic-0.39-2         --output results/kneaddata/main/;
        
        gzip results/kneaddata/main/demo2.*fastq;
        
        (one of the commands exited with non-zero exit code; note that snakemake uses bash strict mode!)
    cluster_jobid: 5180975

Error executing rule kneaddata_pe on cluster (jobid: 2, external: 5180975, jobscript: /cluster/projects/mcgahalab/data/mcgahalab/PASS/snakemake/.snakemake/tmp.4wlrmrd6/snakejob.kneaddata_pe.2.sh). For error details see the cluster log and the log files of the involved rule(s).
Trying to restart job 2.
Select jobs to execute...

[Wed Apr 20 10:54:26 2022]
rule kneaddata_pe:
    input: data/demo2.R1.fastq.gz, data/demo2.R2.fastq.gz
    output: results/kneaddata/main/demo2.R1_kneaddata_paired_1.fastq.gz, results/kneaddata/main/demo2.R2_kneaddata_paired_1.fastq.gz
    log: logs/kneaddata/demo2.log
    jobid: 2
    wildcards: sample=demo2
    resources: tmpdir=/tmp

Submitted job 2 with external jobid '5180981'.
[Wed Apr 20 10:54:47 2022]
Error in rule kneaddata_pe:
    jobid: 1
    output: results/kneaddata/main/demo1.R1_kneaddata_paired_1.fastq.gz, results/kneaddata/main/demo1.R2_kneaddata_paired_1.fastq.gz
    log: logs/kneaddata/demo1.log (check log file(s) for error message)
    shell:
        
        source ~/miniconda3/etc/profile.d/conda.sh && conda activate /cluster/projects/mcgahalab/envs/biobakery3_core;
        
        kneaddata         --input data/demo1.R1.fastq.gz         --input data/demo1.R2.fastq.gz         -db /cluster/projects/mcgahalab/ref/metagenomics/biobakery_workflows_databases/kneaddata_db_human_genome         --trimmomatic /cluster/projects/mcgahalab/bin/trimmomatic-0.39-2         --output results/kneaddata/main/;
        
        gzip results/kneaddata/main/demo1.*fastq;
        
        (one of the commands exited with non-zero exit code; note that snakemake uses bash strict mode!)
    cluster_jobid: 5180979

Error executing rule kneaddata_pe on cluster (jobid: 1, external: 5180979, jobscript: /cluster/projects/mcgahalab/data/mcgahalab/PASS/snakemake/.snakemake/tmp.4wlrmrd6/snakejob.kneaddata_pe.1.sh). For error details see the cluster log and the log files of the involved rule(s).
[Wed Apr 20 10:55:17 2022]
Error in rule kneaddata_pe:
    jobid: 2
    output: results/kneaddata/main/demo2.R1_kneaddata_paired_1.fastq.gz, results/kneaddata/main/demo2.R2_kneaddata_paired_1.fastq.gz
    log: logs/kneaddata/demo2.log (check log file(s) for error message)
    shell:
        
        source ~/miniconda3/etc/profile.d/conda.sh && conda activate /cluster/projects/mcgahalab/envs/biobakery3_core;
        
        kneaddata         --input data/demo2.R1.fastq.gz         --input data/demo2.R2.fastq.gz         -db /cluster/projects/mcgahalab/ref/metagenomics/biobakery_workflows_databases/kneaddata_db_human_genome         --trimmomatic /cluster/projects/mcgahalab/bin/trimmomatic-0.39-2         --output results/kneaddata/main/;
        
        gzip results/kneaddata/main/demo2.*fastq;
        
        (one of the commands exited with non-zero exit code; note that snakemake uses bash strict mode!)
    cluster_jobid: 5180981

Error executing rule kneaddata_pe on cluster (jobid: 2, external: 5180981, jobscript: /cluster/projects/mcgahalab/data/mcgahalab/PASS/snakemake/.snakemake/tmp.4wlrmrd6/snakejob.kneaddata_pe.2.sh). For error details see the cluster log and the log files of the involved rule(s).
Shutting down, this might take some time.
Exiting because a job execution failed. Look above for error message
Complete log: /cluster/home/quever/workflows/metagenomic_snakemake/.snakemake/log/2022-04-20T105148.457567.snakemake.log
