Building DAG of jobs...
Using shell: /usr/bin/bash
Provided cluster nodes: 15
Job stats:
job             count    min threads    max threads
------------  -------  -------------  -------------
all                 1              1              1
kneaddata_pe        2              1              1
total               3              1              1

Select jobs to execute...

[Wed Apr 20 11:04:26 2022]
rule kneaddata_pe:
    input: data/demo2.R1.fastq.gz, data/demo2.R2.fastq.gz
    output: results/kneaddata/main/demo2.R1_kneaddata_paired_2.fastq.gz
    log: logs/kneaddata/demo2.log
    jobid: 2
    wildcards: sample=demo2
    resources: tmpdir=/tmp

Submitted job 2 with external jobid '5180997'.

[Wed Apr 20 11:04:26 2022]
rule kneaddata_pe:
    input: data/demo1.R1.fastq.gz, data/demo1.R2.fastq.gz
    output: results/kneaddata/main/demo1.R1_kneaddata_paired_2.fastq.gz
    log: logs/kneaddata/demo1.log
    jobid: 1
    wildcards: sample=demo1
    resources: tmpdir=/tmp

Submitted job 1 with external jobid '5180998'.
[Wed Apr 20 11:05:49 2022]
Finished job 2.
1 of 3 steps (33%) done
[Wed Apr 20 11:05:49 2022]
Finished job 1.
2 of 3 steps (67%) done
Select jobs to execute...

[Wed Apr 20 11:05:49 2022]
localrule all:
    input: results/kneaddata/main/demo1.R1_kneaddata_paired_2.fastq.gz, results/kneaddata/main/demo2.R1_kneaddata_paired_2.fastq.gz
    jobid: 0
    resources: tmpdir=/tmp

[Wed Apr 20 11:05:49 2022]
Finished job 0.
3 of 3 steps (100%) done
Complete log: /cluster/home/quever/workflows/metagenomic_snakemake/.snakemake/log/2022-04-20T110423.487517.snakemake.log
